============================= test session starts =============================
platform win32 -- Python 3.11.9, pytest-9.1.1, pluggy-1.6.0
rootdir: D:\TY_Semester_5_Projects\URBAN_COOL_AI
plugins: anyio-4.12.1, asyncio-1.4.0, cov-7.1.0
asyncio: mode=Mode.STRICT, debug=False, asyncio_default_fixture_loop_scope=None, asyncio_default_test_loop_scope=function
collected 17 items

backend\tests\test_phase4_phase5.py ...F.FF........F.                    [100%]

================================== FAILURES ===================================
____________________ test_tree_intervention_transformation ____________________

    def test_tree_intervention_transformation():
        row = pd.Series({"green_fraction": 0.20, "ndvi": 0.25, "ndwi": -0.10, "building_density": 0.50})
>       assert TreeCoverIntervention.is_cell_suitable(row) is True
E       assert np.True_ is True
E        +  where np.True_ = is_cell_suitable(green_fraction      0.20\nndvi                0.25\nndwi               -0.10\nbuilding_density    0.50\ndtype: float64)
E        +    where is_cell_suitable = TreeCoverIntervention.is_cell_suitable

backend\tests\test_phase4_phase5.py:142: AssertionError
_______________________ test_green_roof_transformation ________________________

    def test_green_roof_transformation():
        row = pd.Series({"building_density": 0.50, "green_fraction": 0.10, "ndvi": 0.20, "albedo": 0.15})
>       assert GreenRoofIntervention.is_cell_suitable(row) is True
E       assert np.True_ is True
E        +  where np.True_ = is_cell_suitable(building_density    0.50\ngreen_fraction      0.10\nndvi                0.20\nalbedo              0.15\ndtype: float64)
E        +    where is_cell_suitable = GreenRoofIntervention.is_cell_suitable

backend\tests\test_phase4_phase5.py:165: AssertionError
_____________________ test_water_and_albedo_interventions _____________________

    def test_water_and_albedo_interventions():
        water_row = pd.Series({"building_density": 0.10, "ndwi": -0.20, "humidity": 40.0})
>       assert WaterBodyIntervention.is_cell_suitable(water_row) is True
E       assert np.True_ is True
E        +  where np.True_ = is_cell_suitable(building_density     0.1\nndwi                -0.2\nhumidity            40.0\ndtype: float64)
E        +    where is_cell_suitable = WaterBodyIntervention.is_cell_suitable

backend\tests\test_phase4_phase5.py:174: AssertionError
___________________________ test_api_scenarios_run ____________________________

    def test_api_scenarios_run():
        payload = {
            "interventions": [
                {"type": "tree_cover", "intensity": 0.20}
            ]
        }
        res = client.post("/api/scenarios/run", json=payload)
        assert res.status_code == 200
        data = res.json()
        assert "summary" in data
        assert "geojson" in data
>       assert data["summary"]["mean_cooling_celsius"] >= 0.0
E       assert -0.01 >= 0.0

backend\tests\test_phase4_phase5.py:301: AssertionError
============================== warnings summary ===============================
backend\app\config\settings.py:6
  D:\TY_Semester_5_Projects\URBAN_COOL_AI\backend\app\config\settings.py:6: PydanticDeprecatedSince20: Support for class-based `config` is deprecated, use ConfigDict instead. Deprecated in Pydantic V2.0 to be removed in V3.0. See Pydantic V2 Migration Guide at https://errors.pydantic.dev/2.12/migration/
    class Settings(BaseSettings):

backend\app\schemas\data_contract.py:5
  D:\TY_Semester_5_Projects\URBAN_COOL_AI\backend\app\schemas\data_contract.py:5: PydanticDeprecatedSince20: Support for class-based `config` is deprecated, use ConfigDict instead. Deprecated in Pydantic V2.0 to be removed in V3.0. See Pydantic V2 Migration Guide at https://errors.pydantic.dev/2.12/migration/
    class GridCellFeature(BaseModel):

backend\app\api\endpoints\scenarios.py:16
  D:\TY_Semester_5_Projects\URBAN_COOL_AI\backend\app\api\endpoints\scenarios.py:16: PydanticDeprecatedSince20: Using extra keyword arguments on `Field` is deprecated and will be removed. Use `json_schema_extra` instead. (Extra keys: 'example'). Deprecated in Pydantic V2.0 to be removed in V3.0. See Pydantic V2 Migration Guide at https://errors.pydantic.dev/2.12/migration/
    type: str = Field(..., example="tree_cover")

backend\app\api\endpoints\scenarios.py:17
  D:\TY_Semester_5_Projects\URBAN_COOL_AI\backend\app\api\endpoints\scenarios.py:17: PydanticDeprecatedSince20: Using extra keyword arguments on `Field` is deprecated and will be removed. Use `json_schema_extra` instead. (Extra keys: 'example'). Deprecated in Pydantic V2.0 to be removed in V3.0. See Pydantic V2 Migration Guide at https://errors.pydantic.dev/2.12/migration/
    intensity: float = Field(..., ge=0.01, le=1.0, example=0.20)

backend\app\api\endpoints\scenarios.py:22
  D:\TY_Semester_5_Projects\URBAN_COOL_AI\backend\app\api\endpoints\scenarios.py:22: PydanticDeprecatedSince20: Using extra keyword arguments on `Field` is deprecated and will be removed. Use `json_schema_extra` instead. (Extra keys: 'example'). Deprecated in Pydantic V2.0 to be removed in V3.0. See Pydantic V2 Migration Guide at https://errors.pydantic.dev/2.12/migration/
    grid_id: Optional[str] = Field(None, example="PUNE_GRID_100M_0001")

backend/tests/test_phase4_phase5.py: 20 warnings
  D:\TY_Semester_5_Projects\URBAN_COOL_AI\backend\app\geospatial\predictive_models.py:97: UserWarning: Geometry is in a geographic CRS. Results from 'centroid' are likely incorrect. Use 'GeoSeries.to_crs()' to re-project geometries to a projected CRS before this operation.
  
    centroids = gdf.geometry.centroid

backend/tests/test_phase4_phase5.py: 50 warnings
  C:\Users\shrivardhan patil\AppData\Local\Packages\PythonSoftwareFoundation.Python.3.11_qbz5n2kfra8p0\LocalCache\local-packages\Python311\site-packages\sklearn\neural_network\_multilayer_perceptron.py:785: ConvergenceWarning: Stochastic Optimizer: Maximum iterations (500) reached and the optimization hasn't converged yet.
    warnings.warn(

-- Docs: https://docs.pytest.org/en/stable/how-to/capture-warnings.html
=========================== short test summary info ===========================
FAILED backend/tests/test_phase4_phase5.py::test_tree_intervention_transformation
FAILED backend/tests/test_phase4_phase5.py::test_green_roof_transformation - ...
FAILED backend/tests/test_phase4_phase5.py::test_water_and_albedo_interventions
FAILED backend/tests/test_phase4_phase5.py::test_api_scenarios_run - assert -...
================= 4 failed, 13 passed, 75 warnings in 22.48s ==================
